\BOOKMARK [0][-]{chapter.1}{\376\377\000F\000o\000r\000m\000a\000l\000i\000s\000m\000o\000\040\000M\000a\000t\000e\000m\000\341\000t\000i\000c\000o}{}% 1
\BOOKMARK [1][-]{section.1.1}{\376\377\000N\000\372\000m\000e\000r\000o\000s\000\040\000C\000o\000m\000p\000l\000e\000j\000o\000s}{chapter.1}% 2
\BOOKMARK [2][-]{subsection.1.1.1}{\376\377\000I\000n\000t\000r\000o\000d\000u\000c\000c\000i\000\363\000n}{section.1.1}% 3
\BOOKMARK [2][-]{subsection.1.1.2}{Formas\040cartesiana\040y\040polar}{section.1.1}% 4
\BOOKMARK [3][-]{subsubsection*.3}{Forma\040Cartesiana}{subsection.1.1.2}% 5
\BOOKMARK [4][-]{paragraph*.4}{Numeros\040complejos\040en\040python:}{subsubsection*.3}% 6
\BOOKMARK [3][-]{subsubsection*.5}{Forma\040Polar}{subsection.1.1.2}% 7
\BOOKMARK [3][-]{subsubsection*.6}{\376\377\000C\000o\000n\000v\000e\000r\000s\000i\000\363\000n\000\040\000e\000n\000t\000r\000e\000\040\000f\000o\000r\000m\000a\000s\000\040\000c\000a\000r\000t\000e\000s\000i\000a\000n\000a\000\040\000y\000\040\000p\000o\000l\000a\000r}{subsection.1.1.2}% 8
\BOOKMARK [3][-]{subsubsection*.7}{Conjugacion\040compleja}{subsection.1.1.2}% 9
\BOOKMARK [2][-]{subsection.1.1.3}{\376\377\000O\000p\000e\000r\000a\000c\000i\000o\000n\000e\000s\000\040\000b\000\341\000s\000i\000c\000a\000s}{section.1.1}% 10
\BOOKMARK [3][-]{subsubsection*.8}{Suma}{subsection.1.1.3}% 11
\BOOKMARK [3][-]{subsubsection*.9}{\376\377\000M\000u\000l\000t\000i\000p\000l\000i\000c\000a\000c\000i\000\363\000n}{subsection.1.1.3}% 12
\BOOKMARK [3][-]{subsubsection*.10}{Valor\040absoluto}{subsection.1.1.3}% 13
\BOOKMARK [3][-]{subsubsection*.11}{\376\377\000D\000i\000v\000i\000s\000i\000\363\000n}{subsection.1.1.3}% 14
\BOOKMARK [2][-]{subsection.1.1.4}{Casos\040particulares}{section.1.1}% 15
\BOOKMARK [3][-]{subsubsection*.12}{Sumas\040nulas}{subsection.1.1.4}% 16
\BOOKMARK [3][-]{subsubsection*.13}{Desigualdad\040triangular}{subsection.1.1.4}% 17
\BOOKMARK [1][-]{section.1.2}{Vectores}{chapter.1}% 18
\BOOKMARK [2][-]{subsection.1.2.1}{Espacio\040Vectorial\040Complejo}{section.1.2}% 19
\BOOKMARK [3][-]{subsubsection*.14}{\376\377\000D\000e\000f\000i\000n\000i\000c\000i\000\363\000n}{subsection.1.2.1}% 20
\BOOKMARK [3][-]{subsubsection*.15}{\376\377\000C\000o\000n\000j\000u\000g\000a\000c\000i\000\363\000n\000\040\000a\000d\000j\000u\000n\000t\000a}{subsection.1.2.1}% 21
\BOOKMARK [2][-]{subsection.1.2.2}{Bases}{section.1.2}% 22
\BOOKMARK [3][-]{subsubsection*.16}{Cambio\040de\040base}{subsection.1.2.2}% 23
\BOOKMARK [2][-]{subsection.1.2.3}{Espacio\040de\040Hilbert}{section.1.2}% 24
\BOOKMARK [3][-]{subsubsection*.17}{Producto\040Escalar}{subsection.1.2.3}% 25
\BOOKMARK [3][-]{subsubsection*.18}{Norma}{subsection.1.2.3}% 26
\BOOKMARK [3][-]{subsubsection*.19}{Distancia}{subsection.1.2.3}% 27
\BOOKMARK [2][-]{subsection.1.2.4}{Base\040ortonormales}{section.1.2}% 28
\BOOKMARK [3][-]{subsubsection*.20}{\376\377\000D\000e\000s\000c\000o\000m\000p\000o\000s\000i\000c\000i\000\363\000n\000\040\000o\000r\000t\000o\000g\000o\000n\000a\000l}{subsection.1.2.4}% 29
\BOOKMARK [1][-]{section.1.3}{Operadores}{chapter.1}% 30
\BOOKMARK [2][-]{subsection.1.3.1}{Operadores\040y\040Matrices}{section.1.3}% 31
\BOOKMARK [3][-]{subsubsection*.21}{Matriz\040de\040un\040operador}{subsection.1.3.1}% 32
\BOOKMARK [2][-]{subsection.1.3.2}{Base\040de\040Operadores}{section.1.3}% 33
\BOOKMARK [3][-]{subsubsection*.22}{Producto\040externo}{subsection.1.3.2}% 34
\BOOKMARK [4][-]{paragraph*.23}{Producto\040externo\040en\040componentes}{subsubsection*.22}% 35
\BOOKMARK [3][-]{subsubsection*.24}{\376\377\000B\000a\000s\000e\000\040\000c\000a\000n\000\363\000n\000i\000c\000a\000\040\000d\000e\000\040\000o\000p\000e\000r\000a\000d\000o\000r\000e\000s}{subsection.1.3.2}% 36
\BOOKMARK [4][-]{paragraph*.25}{Elementos\040de\040matriz}{subsubsection*.24}% 37
\BOOKMARK [4][-]{paragraph*.26}{Cambio\040de\040base}{subsubsection*.24}% 38
\BOOKMARK [4][-]{paragraph*.27}{\376\377\000R\000e\000l\000a\000c\000i\000\363\000n\000\040\000d\000e\000\040\000c\000o\000m\000p\000l\000e\000t\000i\000t\000u\000d}{subsubsection*.24}% 39
\BOOKMARK [2][-]{subsection.1.3.3}{El\040Espacio\040Vectorial\040Lin\(H\)}{section.1.3}% 40
\BOOKMARK [3][-]{subsubsection*.28}{Operador\040Adjunto}{subsection.1.3.3}% 41
\BOOKMARK [4][-]{paragraph*.29}{Matriz\040adjunta}{subsubsection*.28}% 42
\BOOKMARK [2][-]{subsection.1.3.4}{Clases\040de\040operadores}{section.1.3}% 43
\BOOKMARK [3][-]{subsubsection*.30}{Operador\040Unitario}{subsection.1.3.4}% 44
\BOOKMARK [4][-]{paragraph*.31}{Bases\040ortonormales}{subsubsection*.30}% 45
\BOOKMARK [3][-]{subsubsection*.32}{Operador\040Normal}{subsection.1.3.4}% 46
\BOOKMARK [3][-]{subsubsection*.33}{\376\377\000O\000p\000e\000r\000a\000d\000o\000r\000\040\000H\000e\000r\000m\000\355\000t\000i\000c\000o}{subsection.1.3.4}% 47
\BOOKMARK [3][-]{subsubsection*.34}{Operador\040semi-definido\040positivo}{subsection.1.3.4}% 48
\BOOKMARK [3][-]{subsubsection*.35}{Proyectores}{subsection.1.3.4}% 49
\BOOKMARK [4][-]{paragraph*.36}{Matriz\040asociada\040a\040un\040proyector}{subsubsection*.35}% 50
\BOOKMARK [4][-]{paragraph*.37}{Proyector\040ortogonal}{subsubsection*.35}% 51
\BOOKMARK [4][-]{paragraph*.38}{Proyectores\040sobre\040un\040subespacio}{subsubsection*.35}% 52
\BOOKMARK [2][-]{subsection.1.3.5}{Autovalores\040y\040autovectores}{section.1.3}% 53
\BOOKMARK [3][-]{subsubsection*.39}{Subespacio\040Propio}{subsection.1.3.5}% 54
\BOOKMARK [3][-]{subsubsection*.40}{Espectro\040de\040Operadores}{subsection.1.3.5}% 55
\BOOKMARK [4][-]{paragraph*.41}{Espectro\040de\040Operadores\040Normales}{subsubsection*.40}% 56
\BOOKMARK [4][-]{paragraph*.42}{\376\377\000E\000s\000p\000e\000c\000t\000r\000o\000\040\000d\000e\000\040\000O\000p\000e\000r\000a\000d\000o\000r\000e\000s\000\040\000H\000e\000r\000m\000\355\000t\000i\000c\000o\000s}{subsubsection*.40}% 57
\BOOKMARK [4][-]{paragraph*.43}{Espectro\040de\040Operadores\040Unitarios}{subsubsection*.40}% 58
\BOOKMARK [4][-]{paragraph*.44}{Espectro\040de\040Proyectores}{subsubsection*.40}% 59
\BOOKMARK [3][-]{subsubsection*.45}{Operadores\040que\040conmutan}{subsection.1.3.5}% 60
\BOOKMARK [4][-]{paragraph*.46}{Valores\040singulares}{subsubsection*.45}% 61
\BOOKMARK [4][-]{paragraph*.47}{\376\377\000R\000e\000p\000r\000e\000s\000e\000n\000t\000a\000c\000i\000\363\000n\000\040\000e\000s\000p\000e\000c\000t\000r\000a\000l\000\040\000d\000e\000\040\000p\000r\000o\000y\000e\000c\000t\000o\000r\000e\000s}{subsubsection*.45}% 62
\BOOKMARK [3][-]{subsubsection*.48}{\376\377\000D\000e\000s\000c\000o\000m\000p\000o\000s\000i\000c\000i\000\363\000n\000\040\000d\000e\000\040\000O\000p\000e\000r\000a\000d\000o\000r\000e\000s}{subsection.1.3.5}% 63
\BOOKMARK [4][-]{paragraph*.49}{\376\377\000D\000e\000s\000c\000o\000m\000p\000o\000s\000i\000c\000i\000\363\000n\000\040\000e\000s\000p\000e\000c\000t\000r\000a\000l}{subsubsection*.48}% 64
\BOOKMARK [4][-]{paragraph*.50}{\376\377\000D\000e\000s\000c\000o\000m\000p\000o\000s\000i\000c\000i\000\363\000n\000\040\000P\000o\000l\000a\000r\000\040\000\050\000P\000D\000\051}{subsubsection*.48}% 65
\BOOKMARK [4][-]{paragraph*.51}{\376\377\000D\000e\000s\000c\000o\000m\000p\000o\000s\000i\000c\000i\000\363\000n\000\040\000e\000n\000\040\000V\000a\000l\000o\000r\000e\000s\000\040\000S\000i\000n\000g\000u\000l\000a\000r\000e\000s\000\040\000\050\000S\000V\000D\000\051}{subsubsection*.48}% 66
\BOOKMARK [3][-]{subsubsection*.52}{Traza}{subsection.1.3.5}% 67
\BOOKMARK [4][-]{paragraph*.53}{Traza\040de\040un\040operador}{subsubsection*.52}% 68
\BOOKMARK [4][-]{paragraph*.54}{Lin\(H\)\040como\040un\040espacio\040de\040Hilbert}{subsubsection*.52}% 69
\BOOKMARK [4][-]{paragraph*.55}{Lin\(H\)\040como\040un\040espacio\040normado}{subsubsection*.52}% 70
\BOOKMARK [4][-]{paragraph*.56}{Distancia\040de\040traza}{subsubsection*.52}% 71
\BOOKMARK [2][-]{subsection.1.3.6}{Funciones\040de\040Operadores}{section.1.3}% 72
\BOOKMARK [3][-]{subsubsection*.57}{\376\377\000F\000u\000n\000c\000i\000o\000n\000e\000s\000\040\000a\000n\000a\000l\000\355\000t\000i\000c\000a\000s}{subsection.1.3.6}% 73
\BOOKMARK [4][-]{paragraph*.58}{Exponencial\040de\040un\040operador}{subsubsection*.57}% 74
\BOOKMARK [4][-]{paragraph*.59}{\376\377\000O\000p\000e\000r\000a\000d\000o\000r\000e\000s\000\040\000u\000n\000i\000t\000a\000r\000i\000o\000s\000\040\000a\000\040\000p\000a\000r\000t\000i\000r\000\040\000d\000e\000\040\000h\000e\000r\000m\000\355\000t\000i\000c\000o\000s}{subsubsection*.57}% 75
\BOOKMARK [3][-]{subsubsection*.60}{Funciones\040generales}{subsection.1.3.6}% 76
\BOOKMARK [2][-]{subsection.1.3.7}{Matrices\040de\040Pauli}{section.1.3}% 77
\BOOKMARK [3][-]{subsubsection*.61}{\376\377\000C\000o\000m\000p\000o\000s\000i\000c\000i\000\363\000n}{subsection.1.3.7}% 78
\BOOKMARK [3][-]{subsubsection*.62}{\376\377\000E\000x\000p\000o\000n\000e\000n\000c\000i\000a\000c\000i\000\363\000n}{subsection.1.3.7}% 79
\BOOKMARK [1][-]{section.1.4}{Tensores}{chapter.1}% 80
\BOOKMARK [2][-]{subsection.1.4.1}{Producto\040Tensorial}{section.1.4}% 81
\BOOKMARK [3][-]{subsubsection*.63}{\376\377\000B\000a\000s\000e\000\040\000y\000\040\000D\000i\000m\000e\000n\000s\000i\000\363\000n}{subsection.1.4.1}% 82
\BOOKMARK [3][-]{subsubsection*.64}{\376\377\000I\000n\000d\000e\000x\000a\000c\000i\000\363\000n\000\040\000e\000q\000u\000i\000v\000a\000l\000e\000n\000t\000e}{subsection.1.4.1}% 83
\BOOKMARK [3][-]{subsubsection*.65}{Producto\040de\040Kronecker}{subsection.1.4.1}% 84
\BOOKMARK [2][-]{subsection.1.4.2}{\376\377\000F\000a\000c\000t\000o\000r\000i\000z\000a\000c\000i\000\363\000n\000\040\000y\000\040\000E\000n\000t\000r\000e\000l\000a\000z\000a\000m\000i\000e\000n\000t\000o}{section.1.4}% 85
\BOOKMARK [3][-]{subsubsection*.66}{Criterio\040de\040factorizabilidad}{subsection.1.4.2}% 86
\BOOKMARK [3][-]{subsubsection*.67}{\376\377\000D\000e\000s\000c\000o\000m\000p\000o\000s\000i\000c\000i\000\363\000n\000\040\000d\000e\000\040\000S\000c\000h\000m\000i\000d\000t}{subsection.1.4.2}% 87
\BOOKMARK [2][-]{subsection.1.4.3}{\376\377\000P\000r\000o\000d\000u\000c\000t\000o\000\040\000T\000e\000n\000s\000o\000r\000i\000a\000l\000\040\000M\000\372\000l\000t\000i\000p\000l\000e}{section.1.4}% 88
\BOOKMARK [3][-]{subsubsection*.68}{\376\377\000B\000a\000s\000e\000\040\000d\000e\000\040\000H\042\227\000n}{subsection.1.4.3}% 89
\BOOKMARK [3][-]{subsubsection*.69}{Estado\040entrelazado\040general}{subsection.1.4.3}% 90
\BOOKMARK [3][-]{subsubsection*.70}{Estado\040factorizable}{subsection.1.4.3}% 91
\BOOKMARK [3][-]{subsubsection*.71}{Estados\040producto\040de\040matrices\040\(MPS\)}{subsection.1.4.3}% 92
\BOOKMARK [3][-]{subsubsection*.72}{Redes\040de\040tensores}{subsection.1.4.3}% 93
\BOOKMARK [2][-]{subsection.1.4.4}{\376\377\000O\000p\000e\000r\000a\000d\000o\000r\000e\000s\000\040\000s\000o\000b\000r\000e\000\040\000H\042\227\000n}{section.1.4}% 94
\BOOKMARK [3][-]{subsubsection*.73}{Matrices}{subsection.1.4.4}% 95
\BOOKMARK [3][-]{subsubsection*.74}{Producto\040tensorial\040de\040operadores}{subsection.1.4.4}% 96
\BOOKMARK [3][-]{subsubsection*.75}{Producto\040de\040Kronecker\040de\040matrices}{subsection.1.4.4}% 97
\BOOKMARK [3][-]{subsubsection*.76}{\376\377\000G\000e\000n\000e\000r\000a\000c\000i\000\363\000n\000\040\000d\000e\000\040\000e\000n\000t\000r\000e\000l\000a\000z\000a\000m\000i\000e\000n\000t\000o}{subsection.1.4.4}% 98
\BOOKMARK [1][-]{section.1.5}{Probabilidades}{chapter.1}% 99
\BOOKMARK [2][-]{subsection.1.5.1}{Variables\040aleatorias}{section.1.5}% 100
\BOOKMARK [3][-]{subsubsection*.77}{\376\377\000D\000i\000s\000t\000r\000i\000b\000u\000c\000i\000\363\000n\000\040\000d\000e\000\040\000p\000r\000o\000b\000a\000b\000i\000l\000i\000d\000a\000d}{subsection.1.5.1}% 101
\BOOKMARK [2][-]{subsection.1.5.2}{\376\377\000L\000a\000\040\000c\000o\000n\000e\000x\000i\000\363\000n\000\040\000e\000s\000t\000a\000d\000\355\000s\000t\000i\000c\000a}{section.1.5}% 102
\BOOKMARK [3][-]{subsubsection*.78}{Frecuencias\040e\040Histogramas}{subsection.1.5.2}% 103
\BOOKMARK [3][-]{subsubsection*.79}{\376\377\000L\000e\000y\000\040\000d\000e\000\040\000l\000o\000s\000\040\000g\000r\000a\000n\000d\000e\000s\000\040\000n\000\372\000m\000e\000r\000o\000s}{subsection.1.5.2}% 104
\BOOKMARK [2][-]{subsection.1.5.3}{Distribuciones\040frecuentes}{section.1.5}% 105
\BOOKMARK [3][-]{subsubsection*.80}{\376\377\000L\000a\000\040\000d\000i\000s\000t\000r\000i\000b\000u\000c\000i\000\363\000n\000\040\000d\000e\000\040\000B\000e\000r\000n\000o\000u\000i\000l\000l\000i}{subsection.1.5.3}% 106
\BOOKMARK [3][-]{subsubsection*.81}{\376\377\000D\000i\000s\000t\000r\000i\000b\000u\000c\000i\000\363\000n\000\040\000b\000i\000n\000o\000m\000i\000a\000l}{subsection.1.5.3}% 107
\BOOKMARK [3][-]{subsubsection*.82}{\376\377\000L\000a\000\040\000d\000i\000s\000t\000r\000i\000b\000u\000c\000i\000\363\000n\000\040\000n\000o\000r\000m\000a\000l}{subsection.1.5.3}% 108
\BOOKMARK [2][-]{subsection.1.5.4}{Probabilidades\040combinadas}{section.1.5}% 109
\BOOKMARK [3][-]{subsubsection*.83}{Probabilidad\040combinada}{subsection.1.5.4}% 110
\BOOKMARK [3][-]{subsubsection*.84}{Probabilidad\040condicionada}{subsection.1.5.4}% 111
\BOOKMARK [4][-]{paragraph*.85}{Teorema\040de\040Bayes}{subsubsection*.84}% 112
\BOOKMARK [0][-]{chapter.2}{\376\377\000F\000u\000n\000d\000a\000m\000e\000n\000t\000o\000s\000\040\000d\000e\000\040\000M\000e\000c\000\341\000n\000i\000c\000a\000\040\000C\000u\000\341\000n\000t\000i\000c\000a}{}% 113
\BOOKMARK [1][-]{section.2.1}{Axiomas}{chapter.2}% 114
\BOOKMARK [1][-]{section.2.2}{Medidas\040y\040valores\040esperados}{chapter.2}% 115
\BOOKMARK [2][-]{subsection.2.2.1}{Valores\040esperados}{section.2.2}% 116
\BOOKMARK [3][-]{subsubsection*.86}{\376\377\000D\000e\000s\000v\000i\000a\000c\000i\000\363\000n\000\040\000e\000s\000t\000\341\000n\000d\000a\000r}{subsection.2.2.1}% 117
\BOOKMARK [1][-]{section.2.3}{\376\377\000E\000v\000o\000l\000u\000c\000i\000\363\000n\000\040\000t\000e\000m\000p\000o\000r\000a\000l}{chapter.2}% 118
\BOOKMARK [2][-]{subsection.2.3.1}{\376\377\000E\000c\000u\000a\000c\000i\000\363\000n\000\040\000d\000e\000\040\000S\000c\000h\000r\000\366\000d\000i\000n\000g\000e\000r}{section.2.3}% 119
\BOOKMARK [3][-]{subsubsection*.87}{\376\377\000C\000o\000n\000s\000e\000r\000v\000a\000c\000i\000\363\000n\000\040\000d\000e\000\040\000l\000a\000\040\000p\000r\000o\000b\000a\000b\000i\000l\000i\000d\000a\000d\000.}{subsection.2.3.1}% 120
\BOOKMARK [2][-]{subsection.2.3.2}{\376\377\000O\000p\000e\000r\000a\000d\000o\000r\000\040\000d\000e\000\040\000E\000v\000o\000l\000u\000c\000i\000\363\000n}{section.2.3}% 121
\BOOKMARK [3][-]{subsubsection*.88}{Caso\040de\040H\040independiente\040del\040tiempo}{subsection.2.3.2}% 122
\BOOKMARK [3][-]{subsubsection*.89}{\376\377\000E\000v\000o\000l\000u\000c\000i\000\363\000n\000\040\000e\000n\000\040\000l\000a\000\040\000b\000a\000s\000e\000\040\000a\000u\000t\000o\000e\000s\000t\000a\000d\000o\000s\000\040\000d\000e\000\040\000H}{subsection.2.3.2}% 123
